<?xml version="1.0" encoding="UTF-8"?>
<!-- Generated by org.testng.reporters.JUnitReportReporter -->
<testsuite skipped="1" hostname="LAPTOP-NQ28SJGQ" name="com.bookkeeper.testCases.BookkeeperDashboardTest" tests="2" failures="0" timestamp="2021-08-18T22:51:06 IST" time="27.822" errors="0">
  <testcase name="verifyAvailableRoles" time="27.822" classname="com.bookkeeper.testCases.BookkeeperDashboardTest"/>
  <system-out/>
  <testcase name="verifyUserIsAbleToLoginToDashboard" classname="com.bookkeeper.testCases.BookkeeperDashboardTest">
    <skipped/>
  </testcase> <!-- verifyUserIsAbleToLoginToDashboard -->
  <system-out/>
</testsuite> <!-- com.bookkeeper.testCases.BookkeeperDashboardTest -->
