<?xml version="1.0" encoding="UTF-8"?>
<!-- Generated by org.testng.reporters.JUnitReportReporter -->
<testsuite skipped="0" hostname="LAPTOP-NQ28SJGQ" name="com.bookkeeper.testCases.DashboardTest" tests="1" failures="0" timestamp="2021-08-18T09:51:33 IST" time="8.657" errors="0">
  <testcase name="verifyUserIsAbleToLoginToDashboard" time="8.657" classname="com.bookkeeper.testCases.DashboardTest"/>
  <system-out/>
</testsuite> <!-- com.bookkeeper.testCases.DashboardTest -->
