<?xml version="1.0" encoding="UTF-8"?>
<!-- Generated by org.testng.reporters.JUnitReportReporter -->
<testsuite skipped="1" hostname="LAPTOP-NQ28SJGQ" name="com.bookkeeper.testCases.RegisterTest" tests="14" failures="0" timestamp="2021-08-14T22:52:41 IST" time="93.585" errors="0">
  <testcase name="verifyPageTitle" time="5.033" classname="com.bookkeeper.testCases.RegisterTest"/>
  <system-out/>
  <testcase name="verifyErrorOnBlankName" time="7.485" classname="com.bookkeeper.testCases.RegisterTest"/>
  <system-out/>
  <testcase name="verifyErrorOnBlankSpaceInName" time="7.394" classname="com.bookkeeper.testCases.RegisterTest"/>
  <system-out/>
  <testcase name="verifyErrorOnlyNumricInName" time="7.437" classname="com.bookkeeper.testCases.RegisterTest"/>
  <system-out/>
  <testcase name="verifyErrorOnBlankEmail" time="7.134" classname="com.bookkeeper.testCases.RegisterTest"/>
  <system-out/>
  <testcase name="verifyErrorOnBlankSpaceInEmail" time="7.389" classname="com.bookkeeper.testCases.RegisterTest"/>
  <system-out/>
  <testcase name="verifyErrorOnLessThenFiveCharPwd" time="5.714" classname="com.bookkeeper.testCases.RegisterTest"/>
  <system-out/>
  <testcase name="verifyErrorOnBlankPassword" time="7.385" classname="com.bookkeeper.testCases.RegisterTest"/>
  <system-out/>
  <testcase name="verifyErrorOnNumricPassword" time="7.491" classname="com.bookkeeper.testCases.RegisterTest"/>
  <system-out/>
  <testcase name="verifyErrorOnOnlyAlphabeticCharPassword" time="8.072" classname="com.bookkeeper.testCases.RegisterTest"/>
  <system-out/>
  <testcase name="verifyErrorOnOnlySplCharPassword" time="7.732" classname="com.bookkeeper.testCases.RegisterTest"/>
  <system-out/>
  <testcase name="verifyErrorOnUnagreedTerms" time="7.665" classname="com.bookkeeper.testCases.RegisterTest"/>
  <system-out/>
  <testcase name="verifyErrorOnTestName" time="7.654" classname="com.bookkeeper.testCases.RegisterTest"/>
  <system-out/>
  <testcase name="verifyErrorOnInvalidEmail" classname="com.bookkeeper.testCases.RegisterTest">
    <skipped/>
  </testcase> <!-- verifyErrorOnInvalidEmail -->
  <system-out/>
</testsuite> <!-- com.bookkeeper.testCases.RegisterTest -->
