<?xml version="1.0" encoding="UTF-8"?>
<!-- Generated by org.testng.reporters.JUnitReportReporter -->
<testsuite skipped="0" hostname="LAPTOP-NQ28SJGQ" name="com.bookkeeper.testCases.BookkeeperDashboardTest" tests="2" failures="0" timestamp="2021-08-20T00:06:24 IST" time="40.749" errors="0">
  <testcase name="verifyAvailableRoles" time="32.081" classname="com.bookkeeper.testCases.BookkeeperDashboardTest"/>
  <system-out/>
  <testcase name="verifyLogOut" time="8.668" classname="com.bookkeeper.testCases.BookkeeperDashboardTest"/>
  <system-out/>
</testsuite> <!-- com.bookkeeper.testCases.BookkeeperDashboardTest -->
