<?xml version="1.0" encoding="UTF-8"?>
<!-- Generated by org.testng.reporters.JUnitReportReporter -->
<testsuite skipped="0" hostname="LAPTOP-NQ28SJGQ" name="com.bookkeeper.testCases.CustomerDashboardTest" tests="3" failures="0" timestamp="2021-08-20T00:06:24 IST" time="20.399" errors="0">
  <testcase name="verifySideNavOptions" time="6.837" classname="com.bookkeeper.testCases.CustomerDashboardTest"/>
  <system-out/>
  <testcase name="verifyUserIsAbleToNavigateToInvoices" time="6.777" classname="com.bookkeeper.testCases.CustomerDashboardTest"/>
  <system-out/>
  <testcase name="verifyUserIsAbleToNavigateToPayments" time="6.785" classname="com.bookkeeper.testCases.CustomerDashboardTest"/>
  <system-out/>
</testsuite> <!-- com.bookkeeper.testCases.CustomerDashboardTest -->
