<?xml version="1.0" encoding="UTF-8"?>
<!-- Generated by org.testng.reporters.JUnitReportReporter -->
<testsuite skipped="0" hostname="LAPTOP-NQ28SJGQ" name="com.bookkeeper.testCases.LoginTest" tests="1" failures="0" timestamp="2021-08-20T00:06:24 IST" time="5.029" errors="0">
  <testcase name="verifyPageTitle" time="5.029" classname="com.bookkeeper.testCases.LoginTest"/>
  <system-out/>
</testsuite> <!-- com.bookkeeper.testCases.LoginTest -->
