<?xml version="1.0" encoding="UTF-8"?>
<!-- Generated by org.testng.reporters.JUnitReportReporter -->
<testsuite skipped="0" hostname="LAPTOP-NQ28SJGQ" name="com.bookkeeper.testCases.ManagerDashboardTest" tests="2" failures="0" timestamp="2021-08-20T00:06:24 IST" time="15.270" errors="0">
  <testcase name="verifySideNavOptions" time="6.595" classname="com.bookkeeper.testCases.ManagerDashboardTest"/>
  <system-out/>
  <testcase name="verifyUserIsAbleToPerformLogout" time="8.675" classname="com.bookkeeper.testCases.ManagerDashboardTest"/>
  <system-out/>
</testsuite> <!-- com.bookkeeper.testCases.ManagerDashboardTest -->
